Determining if the pthread_create exist failed with the following output:
Change Dir: /home/nicholaskwan-wong/roshydro/build/CMakeFiles/CMakeTmp

Run Build Command:/usr/bin/make "cmTryCompileExec3537803397/fast"
/usr/bin/make -f CMakeFiles/cmTryCompileExec3537803397.dir/build.make CMakeFiles/cmTryCompileExec3537803397.dir/build
make[1]: Entering directory `/home/nicholaskwan-wong/roshydro/build/CMakeFiles/CMakeTmp'
/usr/bin/cmake -E cmake_progress_report /home/nicholaskwan-wong/roshydro/build/CMakeFiles/CMakeTmp/CMakeFiles 1
Building C object CMakeFiles/cmTryCompileExec3537803397.dir/CheckSymbolExists.c.o
/usr/bin/cc    -o CMakeFiles/cmTryCompileExec3537803397.dir/CheckSymbolExists.c.o   -c /home/nicholaskwan-wong/roshydro/build/CMakeFiles/CMakeTmp/CheckSymbolExists.c
Linking C executable cmTryCompileExec3537803397
/usr/bin/cmake -E cmake_link_script CMakeFiles/cmTryCompileExec3537803397.dir/link.txt --verbose=1
/usr/bin/cc       CMakeFiles/cmTryCompileExec3537803397.dir/CheckSymbolExists.c.o  -o cmTryCompileExec3537803397 -rdynamic 
CMakeFiles/cmTryCompileExec3537803397.dir/CheckSymbolExists.c.o: In function `main':
CheckSymbolExists.c:(.text+0x16): undefined reference to `pthread_create'
collect2: error: ld returned 1 exit status
make[1]: Leaving directory `/home/nicholaskwan-wong/roshydro/build/CMakeFiles/CMakeTmp'
make[1]: *** [cmTryCompileExec3537803397] Error 1
make: *** [cmTryCompileExec3537803397/fast] Error 2

File /home/nicholaskwan-wong/roshydro/build/CMakeFiles/CMakeTmp/CheckSymbolExists.c:
/* */
#include <pthread.h>

int main(int argc, char** argv)
{
  (void)argv;
#ifndef pthread_create
  return ((int*)(&pthread_create))[argc];
#else
  (void)argc;
  return 0;
#endif
}

Determining if the function pthread_create exists in the pthreads failed with the following output:
Change Dir: /home/nicholaskwan-wong/roshydro/build/CMakeFiles/CMakeTmp

Run Build Command:/usr/bin/make "cmTryCompileExec3864833185/fast"
/usr/bin/make -f CMakeFiles/cmTryCompileExec3864833185.dir/build.make CMakeFiles/cmTryCompileExec3864833185.dir/build
make[1]: Entering directory `/home/nicholaskwan-wong/roshydro/build/CMakeFiles/CMakeTmp'
/usr/bin/cmake -E cmake_progress_report /home/nicholaskwan-wong/roshydro/build/CMakeFiles/CMakeTmp/CMakeFiles 1
Building C object CMakeFiles/cmTryCompileExec3864833185.dir/CheckFunctionExists.c.o
/usr/bin/cc   -DCHECK_FUNCTION_EXISTS=pthread_create   -o CMakeFiles/cmTryCompileExec3864833185.dir/CheckFunctionExists.c.o   -c /usr/share/cmake-2.8/Modules/CheckFunctionExists.c
Linking C executable cmTryCompileExec3864833185
/usr/bin/cmake -E cmake_link_script CMakeFiles/cmTryCompileExec3864833185.dir/link.txt --verbose=1
/usr/bin/cc   -DCHECK_FUNCTION_EXISTS=pthread_create    CMakeFiles/cmTryCompileExec3864833185.dir/CheckFunctionExists.c.o  -o cmTryCompileExec3864833185 -rdynamic -lpthreads 
/usr/bin/ld: cannot find -lpthreads
collect2: error: ld returned 1 exit status
make[1]: *** [cmTryCompileExec3864833185] Error 1
make[1]: Leaving directory `/home/nicholaskwan-wong/roshydro/build/CMakeFiles/CMakeTmp'
make: *** [cmTryCompileExec3864833185/fast] Error 2


Determining if the Q_WS_WIN exist failed with the following output:
Change Dir: /home/nicholaskwan-wong/roshydro/build/CMakeFiles/CMakeTmp

Run Build Command:/usr/bin/make "cmTryCompileExec3630402098/fast"
/usr/bin/make -f CMakeFiles/cmTryCompileExec3630402098.dir/build.make CMakeFiles/cmTryCompileExec3630402098.dir/build
make[1]: Entering directory `/home/nicholaskwan-wong/roshydro/build/CMakeFiles/CMakeTmp'
/usr/bin/cmake -E cmake_progress_report /home/nicholaskwan-wong/roshydro/build/CMakeFiles/CMakeTmp/CMakeFiles 1
Building CXX object CMakeFiles/cmTryCompileExec3630402098.dir/CheckSymbolExists.cxx.o
/usr/bin/c++    -I/usr/include/qt4    -o CMakeFiles/cmTryCompileExec3630402098.dir/CheckSymbolExists.cxx.o -c /home/nicholaskwan-wong/roshydro/build/CMakeFiles/CMakeTmp/CheckSymbolExists.cxx
/home/nicholaskwan-wong/roshydro/build/CMakeFiles/CMakeTmp/CheckSymbolExists.cxx: In function ‘int main(int, char**)’:
/home/nicholaskwan-wong/roshydro/build/CMakeFiles/CMakeTmp/CheckSymbolExists.cxx:8:19: error: ‘Q_WS_WIN’ was not declared in this scope
   return ((int*)(&Q_WS_WIN))[argc];
                   ^
make[1]: *** [CMakeFiles/cmTryCompileExec3630402098.dir/CheckSymbolExists.cxx.o] Error 1
make[1]: Leaving directory `/home/nicholaskwan-wong/roshydro/build/CMakeFiles/CMakeTmp'
make: *** [cmTryCompileExec3630402098/fast] Error 2

File /home/nicholaskwan-wong/roshydro/build/CMakeFiles/CMakeTmp/CheckSymbolExists.cxx:
/* */
#include <QtCore/qglobal.h>

int main(int argc, char** argv)
{
  (void)argv;
#ifndef Q_WS_WIN
  return ((int*)(&Q_WS_WIN))[argc];
#else
  (void)argc;
  return 0;
#endif
}

Determining if the Q_WS_QWS exist failed with the following output:
Change Dir: /home/nicholaskwan-wong/roshydro/build/CMakeFiles/CMakeTmp

Run Build Command:/usr/bin/make "cmTryCompileExec3253886364/fast"
/usr/bin/make -f CMakeFiles/cmTryCompileExec3253886364.dir/build.make CMakeFiles/cmTryCompileExec3253886364.dir/build
make[1]: Entering directory `/home/nicholaskwan-wong/roshydro/build/CMakeFiles/CMakeTmp'
/usr/bin/cmake -E cmake_progress_report /home/nicholaskwan-wong/roshydro/build/CMakeFiles/CMakeTmp/CMakeFiles 1
Building CXX object CMakeFiles/cmTryCompileExec3253886364.dir/CheckSymbolExists.cxx.o
/usr/bin/c++    -I/usr/include/qt4    -o CMakeFiles/cmTryCompileExec3253886364.dir/CheckSymbolExists.cxx.o -c /home/nicholaskwan-wong/roshydro/build/CMakeFiles/CMakeTmp/CheckSymbolExists.cxx
/home/nicholaskwan-wong/roshydro/build/CMakeFiles/CMakeTmp/CheckSymbolExists.cxx: In function ‘int main(int, char**)’:
/home/nicholaskwan-wong/roshydro/build/CMakeFiles/CMakeTmp/CheckSymbolExists.cxx:8:19: error: ‘Q_WS_QWS’ was not declared in this scope
   return ((int*)(&Q_WS_QWS))[argc];
                   ^
make[1]: *** [CMakeFiles/cmTryCompileExec3253886364.dir/CheckSymbolExists.cxx.o] Error 1
make[1]: Leaving directory `/home/nicholaskwan-wong/roshydro/build/CMakeFiles/CMakeTmp'
make: *** [cmTryCompileExec3253886364/fast] Error 2

File /home/nicholaskwan-wong/roshydro/build/CMakeFiles/CMakeTmp/CheckSymbolExists.cxx:
/* */
#include <QtCore/qglobal.h>

int main(int argc, char** argv)
{
  (void)argv;
#ifndef Q_WS_QWS
  return ((int*)(&Q_WS_QWS))[argc];
#else
  (void)argc;
  return 0;
#endif
}

Determining if the Q_WS_MAC exist failed with the following output:
Change Dir: /home/nicholaskwan-wong/roshydro/build/CMakeFiles/CMakeTmp

Run Build Command:/usr/bin/make "cmTryCompileExec294766855/fast"
/usr/bin/make -f CMakeFiles/cmTryCompileExec294766855.dir/build.make CMakeFiles/cmTryCompileExec294766855.dir/build
make[1]: Entering directory `/home/nicholaskwan-wong/roshydro/build/CMakeFiles/CMakeTmp'
/usr/bin/cmake -E cmake_progress_report /home/nicholaskwan-wong/roshydro/build/CMakeFiles/CMakeTmp/CMakeFiles 1
Building CXX object CMakeFiles/cmTryCompileExec294766855.dir/CheckSymbolExists.cxx.o
/usr/bin/c++    -I/usr/include/qt4    -o CMakeFiles/cmTryCompileExec294766855.dir/CheckSymbolExists.cxx.o -c /home/nicholaskwan-wong/roshydro/build/CMakeFiles/CMakeTmp/CheckSymbolExists.cxx
/home/nicholaskwan-wong/roshydro/build/CMakeFiles/CMakeTmp/CheckSymbolExists.cxx: In function ‘int main(int, char**)’:
/home/nicholaskwan-wong/roshydro/build/CMakeFiles/CMakeTmp/CheckSymbolExists.cxx:8:19: error: ‘Q_WS_MAC’ was not declared in this scope
   return ((int*)(&Q_WS_MAC))[argc];
                   ^
make[1]: *** [CMakeFiles/cmTryCompileExec294766855.dir/CheckSymbolExists.cxx.o] Error 1
make[1]: Leaving directory `/home/nicholaskwan-wong/roshydro/build/CMakeFiles/CMakeTmp'
make: *** [cmTryCompileExec294766855/fast] Error 2

File /home/nicholaskwan-wong/roshydro/build/CMakeFiles/CMakeTmp/CheckSymbolExists.cxx:
/* */
#include <QtCore/qglobal.h>

int main(int argc, char** argv)
{
  (void)argv;
#ifndef Q_WS_MAC
  return ((int*)(&Q_WS_MAC))[argc];
#else
  (void)argc;
  return 0;
#endif
}

